<?xml version="1.0" encoding="utf-8" ?>
<!DOCTYPE html PUBLIC "-//W3C//DTD XHTML 1.0 Strict//EN"
        "http://www.w3.org/TR/xhtml1/DTD/xhtml1-strict.dtd">
<html xmlns="http://www.w3.org/1999/xhtml" xml:lang="" lang="">
<head>
  <title>Test Results Report - Run test on ie browser</title>
  <meta http-equiv="Content-Type" content="text/html;charset=utf-8" />
  <meta name="description" content="TestNG unit test results." />
  <link href="reportng.css" rel="stylesheet" type="text/css" />
    <script type="text/javascript" src="reportng.js"></script>
</head>
<body>
<h1>Run test on ie browser</h1>
<p>
  Test duration: 0.026s
</p>

  <table class="resultsTable configTable">
    <tr><th colspan="3" class="header failedConfig">Failed Configuration</th></tr>
              <tr class="group">
        <td colspan="3">com.liveguru.backend.Checkboxes</td>
      </tr>
            
<tr>
  <td class="method">
                  beforeClass
      </td>
  <td class="duration">
    0.000s
  </td>
  <td class="result">
        
          <i>Method arguments: </i><span class="arguments">"ie"</span><br />
    
        

        <a href="javascript:toggleElement('exception-0', 'block')" title="Click to expand/collapse"><b>io.github.bonigarcia.wdm.WebDriverManagerException: io.github.bonigarcia.wdm.WebDriverManagerException: IEDriverServer 3.9.1 for WIN32 not found in https://selenium-release.storage.googleapis.com/</b></a><br />
    <div class="stackTrace" id="exception-0">
              io.github.bonigarcia.wdm.WebDriverManager.handleException(WebDriverManager.java:689)<br />
              io.github.bonigarcia.wdm.WebDriverManager.manage(WebDriverManager.java:521)<br />
              io.github.bonigarcia.wdm.WebDriverManager.handleException(WebDriverManager.java:686)<br />
              io.github.bonigarcia.wdm.WebDriverManager.manage(WebDriverManager.java:521)<br />
              io.github.bonigarcia.wdm.WebDriverManager.setup(WebDriverManager.java:251)<br />
              com.liveguru.commons.AbstractTest.openBrowser(AbstractTest.java:45)<br />
              com.liveguru.backend.Checkboxes.beforeClass(Checkboxes.java:27)<br />
              sun.reflect.NativeMethodAccessorImpl.invoke0(Native Method)<br />
              sun.reflect.NativeMethodAccessorImpl.invoke(Unknown Source)<br />
              sun.reflect.DelegatingMethodAccessorImpl.invoke(Unknown Source)<br />
              java.lang.reflect.Method.invoke(Unknown Source)<br />
              org.testng.internal.MethodInvocationHelper.invokeMethod(MethodInvocationHelper.java:85)<br />
              org.testng.internal.Invoker.invokeConfigurationMethod(Invoker.java:510)<br />
              org.testng.internal.Invoker.invokeConfigurations(Invoker.java:211)<br />
              org.testng.internal.Invoker.invokeConfigurations(Invoker.java:138)<br />
              org.testng.internal.TestMethodWorker.invokeBeforeClassMethods(TestMethodWorker.java:170)<br />
              org.testng.internal.TestMethodWorker.run(TestMethodWorker.java:104)<br />
              org.testng.TestRunner.privateRun(TestRunner.java:774)<br />
              org.testng.TestRunner.run(TestRunner.java:624)<br />
              org.testng.SuiteRunner.runTest(SuiteRunner.java:359)<br />
              org.testng.SuiteRunner.runSequentially(SuiteRunner.java:354)<br />
              org.testng.SuiteRunner.privateRun(SuiteRunner.java:312)<br />
              org.testng.SuiteRunner.run(SuiteRunner.java:261)<br />
              org.testng.SuiteRunnerWorker.runSuite(SuiteRunnerWorker.java:52)<br />
              org.testng.SuiteRunnerWorker.run(SuiteRunnerWorker.java:86)<br />
              org.testng.TestNG.runSuitesSequentially(TestNG.java:1215)<br />
              org.testng.TestNG.runSuitesLocally(TestNG.java:1140)<br />
              org.testng.TestNG.run(TestNG.java:1048)<br />
              org.testng.remote.RemoteTestNG.run(RemoteTestNG.java:112)<br />
              org.testng.remote.RemoteTestNG.initAndRun(RemoteTestNG.java:205)<br />
              org.testng.remote.RemoteTestNG.main(RemoteTestNG.java:176)<br />
                    <b>Caused by: </b> <a href="javascript:toggleElement('exception-1', 'block')" title="Click to expand/collapse">io.github.bonigarcia.wdm.WebDriverManagerException: IEDriverServer 3.9.1 for WIN32 not found in https://selenium-release.storage.googleapis.com/</a><br />
        <div class="stackTrace" id="exception-1">
                      io.github.bonigarcia.wdm.WebDriverManager.manage(WebDriverManager.java:514)<br />
                      io.github.bonigarcia.wdm.WebDriverManager.handleException(WebDriverManager.java:686)<br />
                      io.github.bonigarcia.wdm.WebDriverManager.manage(WebDriverManager.java:521)<br />
                      io.github.bonigarcia.wdm.WebDriverManager.setup(WebDriverManager.java:251)<br />
                      com.liveguru.commons.AbstractTest.openBrowser(AbstractTest.java:45)<br />
                      com.liveguru.backend.Checkboxes.beforeClass(Checkboxes.java:27)<br />
                      sun.reflect.NativeMethodAccessorImpl.invoke0(Native Method)<br />
                      sun.reflect.NativeMethodAccessorImpl.invoke(Unknown Source)<br />
                      sun.reflect.DelegatingMethodAccessorImpl.invoke(Unknown Source)<br />
                      java.lang.reflect.Method.invoke(Unknown Source)<br />
                      org.testng.internal.MethodInvocationHelper.invokeMethod(MethodInvocationHelper.java:85)<br />
                      org.testng.internal.Invoker.invokeConfigurationMethod(Invoker.java:510)<br />
                      org.testng.internal.Invoker.invokeConfigurations(Invoker.java:211)<br />
                      org.testng.internal.Invoker.invokeConfigurations(Invoker.java:138)<br />
                      org.testng.internal.TestMethodWorker.invokeBeforeClassMethods(TestMethodWorker.java:170)<br />
                      org.testng.internal.TestMethodWorker.run(TestMethodWorker.java:104)<br />
                      org.testng.TestRunner.privateRun(TestRunner.java:774)<br />
                      org.testng.TestRunner.run(TestRunner.java:624)<br />
                      org.testng.SuiteRunner.runTest(SuiteRunner.java:359)<br />
                      org.testng.SuiteRunner.runSequentially(SuiteRunner.java:354)<br />
                      org.testng.SuiteRunner.privateRun(SuiteRunner.java:312)<br />
                      org.testng.SuiteRunner.run(SuiteRunner.java:261)<br />
                      org.testng.SuiteRunnerWorker.runSuite(SuiteRunnerWorker.java:52)<br />
                      org.testng.SuiteRunnerWorker.run(SuiteRunnerWorker.java:86)<br />
                      org.testng.TestNG.runSuitesSequentially(TestNG.java:1215)<br />
                      org.testng.TestNG.runSuitesLocally(TestNG.java:1140)<br />
                      org.testng.TestNG.run(TestNG.java:1048)<br />
                      org.testng.remote.RemoteTestNG.run(RemoteTestNG.java:112)<br />
                      org.testng.remote.RemoteTestNG.initAndRun(RemoteTestNG.java:205)<br />
                      org.testng.remote.RemoteTestNG.main(RemoteTestNG.java:176)<br />
                  </div>
          </div>
      </td>
</tr>
          <tr class="group">
        <td colspan="3">com.liveguru.backend.Invoices</td>
      </tr>
            
<tr>
  <td class="method">
                  beforeClass
      </td>
  <td class="duration">
    0.000s
  </td>
  <td class="result">
        
          <i>Method arguments: </i><span class="arguments">"ie"</span><br />
    
        

        <a href="javascript:toggleElement('exception-2', 'block')" title="Click to expand/collapse"><b>io.github.bonigarcia.wdm.WebDriverManagerException: io.github.bonigarcia.wdm.WebDriverManagerException: IEDriverServer 3.9.1 for WIN32 not found in https://selenium-release.storage.googleapis.com/</b></a><br />
    <div class="stackTrace" id="exception-2">
              io.github.bonigarcia.wdm.WebDriverManager.handleException(WebDriverManager.java:689)<br />
              io.github.bonigarcia.wdm.WebDriverManager.manage(WebDriverManager.java:521)<br />
              io.github.bonigarcia.wdm.WebDriverManager.handleException(WebDriverManager.java:686)<br />
              io.github.bonigarcia.wdm.WebDriverManager.manage(WebDriverManager.java:521)<br />
              io.github.bonigarcia.wdm.WebDriverManager.setup(WebDriverManager.java:251)<br />
              com.liveguru.commons.AbstractTest.openBrowser(AbstractTest.java:45)<br />
              com.liveguru.backend.Invoices.beforeClass(Invoices.java:31)<br />
              sun.reflect.NativeMethodAccessorImpl.invoke0(Native Method)<br />
              sun.reflect.NativeMethodAccessorImpl.invoke(Unknown Source)<br />
              sun.reflect.DelegatingMethodAccessorImpl.invoke(Unknown Source)<br />
              java.lang.reflect.Method.invoke(Unknown Source)<br />
              org.testng.internal.MethodInvocationHelper.invokeMethod(MethodInvocationHelper.java:85)<br />
              org.testng.internal.Invoker.invokeConfigurationMethod(Invoker.java:510)<br />
              org.testng.internal.Invoker.invokeConfigurations(Invoker.java:211)<br />
              org.testng.internal.Invoker.invokeConfigurations(Invoker.java:138)<br />
              org.testng.internal.TestMethodWorker.invokeBeforeClassMethods(TestMethodWorker.java:170)<br />
              org.testng.internal.TestMethodWorker.run(TestMethodWorker.java:104)<br />
              org.testng.TestRunner.privateRun(TestRunner.java:774)<br />
              org.testng.TestRunner.run(TestRunner.java:624)<br />
              org.testng.SuiteRunner.runTest(SuiteRunner.java:359)<br />
              org.testng.SuiteRunner.runSequentially(SuiteRunner.java:354)<br />
              org.testng.SuiteRunner.privateRun(SuiteRunner.java:312)<br />
              org.testng.SuiteRunner.run(SuiteRunner.java:261)<br />
              org.testng.SuiteRunnerWorker.runSuite(SuiteRunnerWorker.java:52)<br />
              org.testng.SuiteRunnerWorker.run(SuiteRunnerWorker.java:86)<br />
              org.testng.TestNG.runSuitesSequentially(TestNG.java:1215)<br />
              org.testng.TestNG.runSuitesLocally(TestNG.java:1140)<br />
              org.testng.TestNG.run(TestNG.java:1048)<br />
              org.testng.remote.RemoteTestNG.run(RemoteTestNG.java:112)<br />
              org.testng.remote.RemoteTestNG.initAndRun(RemoteTestNG.java:205)<br />
              org.testng.remote.RemoteTestNG.main(RemoteTestNG.java:176)<br />
                    <b>Caused by: </b> <a href="javascript:toggleElement('exception-3', 'block')" title="Click to expand/collapse">io.github.bonigarcia.wdm.WebDriverManagerException: IEDriverServer 3.9.1 for WIN32 not found in https://selenium-release.storage.googleapis.com/</a><br />
        <div class="stackTrace" id="exception-3">
                      io.github.bonigarcia.wdm.WebDriverManager.manage(WebDriverManager.java:514)<br />
                      io.github.bonigarcia.wdm.WebDriverManager.handleException(WebDriverManager.java:686)<br />
                      io.github.bonigarcia.wdm.WebDriverManager.manage(WebDriverManager.java:521)<br />
                      io.github.bonigarcia.wdm.WebDriverManager.setup(WebDriverManager.java:251)<br />
                      com.liveguru.commons.AbstractTest.openBrowser(AbstractTest.java:45)<br />
                      com.liveguru.backend.Invoices.beforeClass(Invoices.java:31)<br />
                      sun.reflect.NativeMethodAccessorImpl.invoke0(Native Method)<br />
                      sun.reflect.NativeMethodAccessorImpl.invoke(Unknown Source)<br />
                      sun.reflect.DelegatingMethodAccessorImpl.invoke(Unknown Source)<br />
                      java.lang.reflect.Method.invoke(Unknown Source)<br />
                      org.testng.internal.MethodInvocationHelper.invokeMethod(MethodInvocationHelper.java:85)<br />
                      org.testng.internal.Invoker.invokeConfigurationMethod(Invoker.java:510)<br />
                      org.testng.internal.Invoker.invokeConfigurations(Invoker.java:211)<br />
                      org.testng.internal.Invoker.invokeConfigurations(Invoker.java:138)<br />
                      org.testng.internal.TestMethodWorker.invokeBeforeClassMethods(TestMethodWorker.java:170)<br />
                      org.testng.internal.TestMethodWorker.run(TestMethodWorker.java:104)<br />
                      org.testng.TestRunner.privateRun(TestRunner.java:774)<br />
                      org.testng.TestRunner.run(TestRunner.java:624)<br />
                      org.testng.SuiteRunner.runTest(SuiteRunner.java:359)<br />
                      org.testng.SuiteRunner.runSequentially(SuiteRunner.java:354)<br />
                      org.testng.SuiteRunner.privateRun(SuiteRunner.java:312)<br />
                      org.testng.SuiteRunner.run(SuiteRunner.java:261)<br />
                      org.testng.SuiteRunnerWorker.runSuite(SuiteRunnerWorker.java:52)<br />
                      org.testng.SuiteRunnerWorker.run(SuiteRunnerWorker.java:86)<br />
                      org.testng.TestNG.runSuitesSequentially(TestNG.java:1215)<br />
                      org.testng.TestNG.runSuitesLocally(TestNG.java:1140)<br />
                      org.testng.TestNG.run(TestNG.java:1048)<br />
                      org.testng.remote.RemoteTestNG.run(RemoteTestNG.java:112)<br />
                      org.testng.remote.RemoteTestNG.initAndRun(RemoteTestNG.java:205)<br />
                      org.testng.remote.RemoteTestNG.main(RemoteTestNG.java:176)<br />
                  </div>
          </div>
      </td>
</tr>
          <tr class="group">
        <td colspan="3">com.liveguru.backend.Pagination</td>
      </tr>
            
<tr>
  <td class="method">
                  beforeClass
      </td>
  <td class="duration">
    0.000s
  </td>
  <td class="result">
        
          <i>Method arguments: </i><span class="arguments">"ie"</span><br />
    
        

        <a href="javascript:toggleElement('exception-4', 'block')" title="Click to expand/collapse"><b>io.github.bonigarcia.wdm.WebDriverManagerException: io.github.bonigarcia.wdm.WebDriverManagerException: IEDriverServer 3.9.1 for WIN32 not found in https://selenium-release.storage.googleapis.com/</b></a><br />
    <div class="stackTrace" id="exception-4">
              io.github.bonigarcia.wdm.WebDriverManager.handleException(WebDriverManager.java:689)<br />
              io.github.bonigarcia.wdm.WebDriverManager.manage(WebDriverManager.java:521)<br />
              io.github.bonigarcia.wdm.WebDriverManager.handleException(WebDriverManager.java:686)<br />
              io.github.bonigarcia.wdm.WebDriverManager.manage(WebDriverManager.java:521)<br />
              io.github.bonigarcia.wdm.WebDriverManager.setup(WebDriverManager.java:251)<br />
              com.liveguru.commons.AbstractTest.openBrowser(AbstractTest.java:45)<br />
              com.liveguru.backend.Pagination.beforeClass(Pagination.java:26)<br />
              sun.reflect.NativeMethodAccessorImpl.invoke0(Native Method)<br />
              sun.reflect.NativeMethodAccessorImpl.invoke(Unknown Source)<br />
              sun.reflect.DelegatingMethodAccessorImpl.invoke(Unknown Source)<br />
              java.lang.reflect.Method.invoke(Unknown Source)<br />
              org.testng.internal.MethodInvocationHelper.invokeMethod(MethodInvocationHelper.java:85)<br />
              org.testng.internal.Invoker.invokeConfigurationMethod(Invoker.java:510)<br />
              org.testng.internal.Invoker.invokeConfigurations(Invoker.java:211)<br />
              org.testng.internal.Invoker.invokeConfigurations(Invoker.java:138)<br />
              org.testng.internal.TestMethodWorker.invokeBeforeClassMethods(TestMethodWorker.java:170)<br />
              org.testng.internal.TestMethodWorker.run(TestMethodWorker.java:104)<br />
              org.testng.TestRunner.privateRun(TestRunner.java:774)<br />
              org.testng.TestRunner.run(TestRunner.java:624)<br />
              org.testng.SuiteRunner.runTest(SuiteRunner.java:359)<br />
              org.testng.SuiteRunner.runSequentially(SuiteRunner.java:354)<br />
              org.testng.SuiteRunner.privateRun(SuiteRunner.java:312)<br />
              org.testng.SuiteRunner.run(SuiteRunner.java:261)<br />
              org.testng.SuiteRunnerWorker.runSuite(SuiteRunnerWorker.java:52)<br />
              org.testng.SuiteRunnerWorker.run(SuiteRunnerWorker.java:86)<br />
              org.testng.TestNG.runSuitesSequentially(TestNG.java:1215)<br />
              org.testng.TestNG.runSuitesLocally(TestNG.java:1140)<br />
              org.testng.TestNG.run(TestNG.java:1048)<br />
              org.testng.remote.RemoteTestNG.run(RemoteTestNG.java:112)<br />
              org.testng.remote.RemoteTestNG.initAndRun(RemoteTestNG.java:205)<br />
              org.testng.remote.RemoteTestNG.main(RemoteTestNG.java:176)<br />
                    <b>Caused by: </b> <a href="javascript:toggleElement('exception-5', 'block')" title="Click to expand/collapse">io.github.bonigarcia.wdm.WebDriverManagerException: IEDriverServer 3.9.1 for WIN32 not found in https://selenium-release.storage.googleapis.com/</a><br />
        <div class="stackTrace" id="exception-5">
                      io.github.bonigarcia.wdm.WebDriverManager.manage(WebDriverManager.java:514)<br />
                      io.github.bonigarcia.wdm.WebDriverManager.handleException(WebDriverManager.java:686)<br />
                      io.github.bonigarcia.wdm.WebDriverManager.manage(WebDriverManager.java:521)<br />
                      io.github.bonigarcia.wdm.WebDriverManager.setup(WebDriverManager.java:251)<br />
                      com.liveguru.commons.AbstractTest.openBrowser(AbstractTest.java:45)<br />
                      com.liveguru.backend.Pagination.beforeClass(Pagination.java:26)<br />
                      sun.reflect.NativeMethodAccessorImpl.invoke0(Native Method)<br />
                      sun.reflect.NativeMethodAccessorImpl.invoke(Unknown Source)<br />
                      sun.reflect.DelegatingMethodAccessorImpl.invoke(Unknown Source)<br />
                      java.lang.reflect.Method.invoke(Unknown Source)<br />
                      org.testng.internal.MethodInvocationHelper.invokeMethod(MethodInvocationHelper.java:85)<br />
                      org.testng.internal.Invoker.invokeConfigurationMethod(Invoker.java:510)<br />
                      org.testng.internal.Invoker.invokeConfigurations(Invoker.java:211)<br />
                      org.testng.internal.Invoker.invokeConfigurations(Invoker.java:138)<br />
                      org.testng.internal.TestMethodWorker.invokeBeforeClassMethods(TestMethodWorker.java:170)<br />
                      org.testng.internal.TestMethodWorker.run(TestMethodWorker.java:104)<br />
                      org.testng.TestRunner.privateRun(TestRunner.java:774)<br />
                      org.testng.TestRunner.run(TestRunner.java:624)<br />
                      org.testng.SuiteRunner.runTest(SuiteRunner.java:359)<br />
                      org.testng.SuiteRunner.runSequentially(SuiteRunner.java:354)<br />
                      org.testng.SuiteRunner.privateRun(SuiteRunner.java:312)<br />
                      org.testng.SuiteRunner.run(SuiteRunner.java:261)<br />
                      org.testng.SuiteRunnerWorker.runSuite(SuiteRunnerWorker.java:52)<br />
                      org.testng.SuiteRunnerWorker.run(SuiteRunnerWorker.java:86)<br />
                      org.testng.TestNG.runSuitesSequentially(TestNG.java:1215)<br />
                      org.testng.TestNG.runSuitesLocally(TestNG.java:1140)<br />
                      org.testng.TestNG.run(TestNG.java:1048)<br />
                      org.testng.remote.RemoteTestNG.run(RemoteTestNG.java:112)<br />
                      org.testng.remote.RemoteTestNG.initAndRun(RemoteTestNG.java:205)<br />
                      org.testng.remote.RemoteTestNG.main(RemoteTestNG.java:176)<br />
                  </div>
          </div>
      </td>
</tr>
          <tr class="group">
        <td colspan="3">com.liveguru.backend.ReviewMechanism</td>
      </tr>
            
<tr>
  <td class="method">
                  beforeClass
      </td>
  <td class="duration">
    0.000s
  </td>
  <td class="result">
        
          <i>Method arguments: </i><span class="arguments">"ie"</span><br />
    
        

        <a href="javascript:toggleElement('exception-6', 'block')" title="Click to expand/collapse"><b>io.github.bonigarcia.wdm.WebDriverManagerException: io.github.bonigarcia.wdm.WebDriverManagerException: IEDriverServer 3.9.1 for WIN32 not found in https://selenium-release.storage.googleapis.com/</b></a><br />
    <div class="stackTrace" id="exception-6">
              io.github.bonigarcia.wdm.WebDriverManager.handleException(WebDriverManager.java:689)<br />
              io.github.bonigarcia.wdm.WebDriverManager.manage(WebDriverManager.java:521)<br />
              io.github.bonigarcia.wdm.WebDriverManager.handleException(WebDriverManager.java:686)<br />
              io.github.bonigarcia.wdm.WebDriverManager.manage(WebDriverManager.java:521)<br />
              io.github.bonigarcia.wdm.WebDriverManager.setup(WebDriverManager.java:251)<br />
              com.liveguru.commons.AbstractTest.openBrowser(AbstractTest.java:45)<br />
              com.liveguru.backend.ReviewMechanism.beforeClass(ReviewMechanism.java:40)<br />
              sun.reflect.NativeMethodAccessorImpl.invoke0(Native Method)<br />
              sun.reflect.NativeMethodAccessorImpl.invoke(Unknown Source)<br />
              sun.reflect.DelegatingMethodAccessorImpl.invoke(Unknown Source)<br />
              java.lang.reflect.Method.invoke(Unknown Source)<br />
              org.testng.internal.MethodInvocationHelper.invokeMethod(MethodInvocationHelper.java:85)<br />
              org.testng.internal.Invoker.invokeConfigurationMethod(Invoker.java:510)<br />
              org.testng.internal.Invoker.invokeConfigurations(Invoker.java:211)<br />
              org.testng.internal.Invoker.invokeConfigurations(Invoker.java:138)<br />
              org.testng.internal.TestMethodWorker.invokeBeforeClassMethods(TestMethodWorker.java:170)<br />
              org.testng.internal.TestMethodWorker.run(TestMethodWorker.java:104)<br />
              org.testng.TestRunner.privateRun(TestRunner.java:774)<br />
              org.testng.TestRunner.run(TestRunner.java:624)<br />
              org.testng.SuiteRunner.runTest(SuiteRunner.java:359)<br />
              org.testng.SuiteRunner.runSequentially(SuiteRunner.java:354)<br />
              org.testng.SuiteRunner.privateRun(SuiteRunner.java:312)<br />
              org.testng.SuiteRunner.run(SuiteRunner.java:261)<br />
              org.testng.SuiteRunnerWorker.runSuite(SuiteRunnerWorker.java:52)<br />
              org.testng.SuiteRunnerWorker.run(SuiteRunnerWorker.java:86)<br />
              org.testng.TestNG.runSuitesSequentially(TestNG.java:1215)<br />
              org.testng.TestNG.runSuitesLocally(TestNG.java:1140)<br />
              org.testng.TestNG.run(TestNG.java:1048)<br />
              org.testng.remote.RemoteTestNG.run(RemoteTestNG.java:112)<br />
              org.testng.remote.RemoteTestNG.initAndRun(RemoteTestNG.java:205)<br />
              org.testng.remote.RemoteTestNG.main(RemoteTestNG.java:176)<br />
                    <b>Caused by: </b> <a href="javascript:toggleElement('exception-7', 'block')" title="Click to expand/collapse">io.github.bonigarcia.wdm.WebDriverManagerException: IEDriverServer 3.9.1 for WIN32 not found in https://selenium-release.storage.googleapis.com/</a><br />
        <div class="stackTrace" id="exception-7">
                      io.github.bonigarcia.wdm.WebDriverManager.manage(WebDriverManager.java:514)<br />
                      io.github.bonigarcia.wdm.WebDriverManager.handleException(WebDriverManager.java:686)<br />
                      io.github.bonigarcia.wdm.WebDriverManager.manage(WebDriverManager.java:521)<br />
                      io.github.bonigarcia.wdm.WebDriverManager.setup(WebDriverManager.java:251)<br />
                      com.liveguru.commons.AbstractTest.openBrowser(AbstractTest.java:45)<br />
                      com.liveguru.backend.ReviewMechanism.beforeClass(ReviewMechanism.java:40)<br />
                      sun.reflect.NativeMethodAccessorImpl.invoke0(Native Method)<br />
                      sun.reflect.NativeMethodAccessorImpl.invoke(Unknown Source)<br />
                      sun.reflect.DelegatingMethodAccessorImpl.invoke(Unknown Source)<br />
                      java.lang.reflect.Method.invoke(Unknown Source)<br />
                      org.testng.internal.MethodInvocationHelper.invokeMethod(MethodInvocationHelper.java:85)<br />
                      org.testng.internal.Invoker.invokeConfigurationMethod(Invoker.java:510)<br />
                      org.testng.internal.Invoker.invokeConfigurations(Invoker.java:211)<br />
                      org.testng.internal.Invoker.invokeConfigurations(Invoker.java:138)<br />
                      org.testng.internal.TestMethodWorker.invokeBeforeClassMethods(TestMethodWorker.java:170)<br />
                      org.testng.internal.TestMethodWorker.run(TestMethodWorker.java:104)<br />
                      org.testng.TestRunner.privateRun(TestRunner.java:774)<br />
                      org.testng.TestRunner.run(TestRunner.java:624)<br />
                      org.testng.SuiteRunner.runTest(SuiteRunner.java:359)<br />
                      org.testng.SuiteRunner.runSequentially(SuiteRunner.java:354)<br />
                      org.testng.SuiteRunner.privateRun(SuiteRunner.java:312)<br />
                      org.testng.SuiteRunner.run(SuiteRunner.java:261)<br />
                      org.testng.SuiteRunnerWorker.runSuite(SuiteRunnerWorker.java:52)<br />
                      org.testng.SuiteRunnerWorker.run(SuiteRunnerWorker.java:86)<br />
                      org.testng.TestNG.runSuitesSequentially(TestNG.java:1215)<br />
                      org.testng.TestNG.runSuitesLocally(TestNG.java:1140)<br />
                      org.testng.TestNG.run(TestNG.java:1048)<br />
                      org.testng.remote.RemoteTestNG.run(RemoteTestNG.java:112)<br />
                      org.testng.remote.RemoteTestNG.initAndRun(RemoteTestNG.java:205)<br />
                      org.testng.remote.RemoteTestNG.main(RemoteTestNG.java:176)<br />
                  </div>
          </div>
      </td>
</tr>
          <tr class="group">
        <td colspan="3">com.liveguru.backend.Search</td>
      </tr>
            
<tr>
  <td class="method">
                  beforeClass
      </td>
  <td class="duration">
    0.000s
  </td>
  <td class="result">
        
          <i>Method arguments: </i><span class="arguments">"ie"</span><br />
    
        

        <a href="javascript:toggleElement('exception-8', 'block')" title="Click to expand/collapse"><b>io.github.bonigarcia.wdm.WebDriverManagerException: io.github.bonigarcia.wdm.WebDriverManagerException: IEDriverServer 3.9.1 for WIN32 not found in https://selenium-release.storage.googleapis.com/</b></a><br />
    <div class="stackTrace" id="exception-8">
              io.github.bonigarcia.wdm.WebDriverManager.handleException(WebDriverManager.java:689)<br />
              io.github.bonigarcia.wdm.WebDriverManager.manage(WebDriverManager.java:521)<br />
              io.github.bonigarcia.wdm.WebDriverManager.handleException(WebDriverManager.java:686)<br />
              io.github.bonigarcia.wdm.WebDriverManager.manage(WebDriverManager.java:521)<br />
              io.github.bonigarcia.wdm.WebDriverManager.setup(WebDriverManager.java:251)<br />
              com.liveguru.commons.AbstractTest.openBrowser(AbstractTest.java:45)<br />
              com.liveguru.backend.Search.beforeClass(Search.java:36)<br />
              sun.reflect.NativeMethodAccessorImpl.invoke0(Native Method)<br />
              sun.reflect.NativeMethodAccessorImpl.invoke(Unknown Source)<br />
              sun.reflect.DelegatingMethodAccessorImpl.invoke(Unknown Source)<br />
              java.lang.reflect.Method.invoke(Unknown Source)<br />
              org.testng.internal.MethodInvocationHelper.invokeMethod(MethodInvocationHelper.java:85)<br />
              org.testng.internal.Invoker.invokeConfigurationMethod(Invoker.java:510)<br />
              org.testng.internal.Invoker.invokeConfigurations(Invoker.java:211)<br />
              org.testng.internal.Invoker.invokeConfigurations(Invoker.java:138)<br />
              org.testng.internal.TestMethodWorker.invokeBeforeClassMethods(TestMethodWorker.java:170)<br />
              org.testng.internal.TestMethodWorker.run(TestMethodWorker.java:104)<br />
              org.testng.TestRunner.privateRun(TestRunner.java:774)<br />
              org.testng.TestRunner.run(TestRunner.java:624)<br />
              org.testng.SuiteRunner.runTest(SuiteRunner.java:359)<br />
              org.testng.SuiteRunner.runSequentially(SuiteRunner.java:354)<br />
              org.testng.SuiteRunner.privateRun(SuiteRunner.java:312)<br />
              org.testng.SuiteRunner.run(SuiteRunner.java:261)<br />
              org.testng.SuiteRunnerWorker.runSuite(SuiteRunnerWorker.java:52)<br />
              org.testng.SuiteRunnerWorker.run(SuiteRunnerWorker.java:86)<br />
              org.testng.TestNG.runSuitesSequentially(TestNG.java:1215)<br />
              org.testng.TestNG.runSuitesLocally(TestNG.java:1140)<br />
              org.testng.TestNG.run(TestNG.java:1048)<br />
              org.testng.remote.RemoteTestNG.run(RemoteTestNG.java:112)<br />
              org.testng.remote.RemoteTestNG.initAndRun(RemoteTestNG.java:205)<br />
              org.testng.remote.RemoteTestNG.main(RemoteTestNG.java:176)<br />
                    <b>Caused by: </b> <a href="javascript:toggleElement('exception-9', 'block')" title="Click to expand/collapse">io.github.bonigarcia.wdm.WebDriverManagerException: IEDriverServer 3.9.1 for WIN32 not found in https://selenium-release.storage.googleapis.com/</a><br />
        <div class="stackTrace" id="exception-9">
                      io.github.bonigarcia.wdm.WebDriverManager.manage(WebDriverManager.java:514)<br />
                      io.github.bonigarcia.wdm.WebDriverManager.handleException(WebDriverManager.java:686)<br />
                      io.github.bonigarcia.wdm.WebDriverManager.manage(WebDriverManager.java:521)<br />
                      io.github.bonigarcia.wdm.WebDriverManager.setup(WebDriverManager.java:251)<br />
                      com.liveguru.commons.AbstractTest.openBrowser(AbstractTest.java:45)<br />
                      com.liveguru.backend.Search.beforeClass(Search.java:36)<br />
                      sun.reflect.NativeMethodAccessorImpl.invoke0(Native Method)<br />
                      sun.reflect.NativeMethodAccessorImpl.invoke(Unknown Source)<br />
                      sun.reflect.DelegatingMethodAccessorImpl.invoke(Unknown Source)<br />
                      java.lang.reflect.Method.invoke(Unknown Source)<br />
                      org.testng.internal.MethodInvocationHelper.invokeMethod(MethodInvocationHelper.java:85)<br />
                      org.testng.internal.Invoker.invokeConfigurationMethod(Invoker.java:510)<br />
                      org.testng.internal.Invoker.invokeConfigurations(Invoker.java:211)<br />
                      org.testng.internal.Invoker.invokeConfigurations(Invoker.java:138)<br />
                      org.testng.internal.TestMethodWorker.invokeBeforeClassMethods(TestMethodWorker.java:170)<br />
                      org.testng.internal.TestMethodWorker.run(TestMethodWorker.java:104)<br />
                      org.testng.TestRunner.privateRun(TestRunner.java:774)<br />
                      org.testng.TestRunner.run(TestRunner.java:624)<br />
                      org.testng.SuiteRunner.runTest(SuiteRunner.java:359)<br />
                      org.testng.SuiteRunner.runSequentially(SuiteRunner.java:354)<br />
                      org.testng.SuiteRunner.privateRun(SuiteRunner.java:312)<br />
                      org.testng.SuiteRunner.run(SuiteRunner.java:261)<br />
                      org.testng.SuiteRunnerWorker.runSuite(SuiteRunnerWorker.java:52)<br />
                      org.testng.SuiteRunnerWorker.run(SuiteRunnerWorker.java:86)<br />
                      org.testng.TestNG.runSuitesSequentially(TestNG.java:1215)<br />
                      org.testng.TestNG.runSuitesLocally(TestNG.java:1140)<br />
                      org.testng.TestNG.run(TestNG.java:1048)<br />
                      org.testng.remote.RemoteTestNG.run(RemoteTestNG.java:112)<br />
                      org.testng.remote.RemoteTestNG.initAndRun(RemoteTestNG.java:205)<br />
                      org.testng.remote.RemoteTestNG.main(RemoteTestNG.java:176)<br />
                  </div>
          </div>
      </td>
</tr>
          <tr class="group">
        <td colspan="3">com.liveguru.backend.Sorting</td>
      </tr>
            
<tr>
  <td class="method">
                  beforeClass
      </td>
  <td class="duration">
    0.000s
  </td>
  <td class="result">
        
          <i>Method arguments: </i><span class="arguments">"ie"</span><br />
    
        

        <a href="javascript:toggleElement('exception-10', 'block')" title="Click to expand/collapse"><b>io.github.bonigarcia.wdm.WebDriverManagerException: io.github.bonigarcia.wdm.WebDriverManagerException: IEDriverServer 3.9.1 for WIN32 not found in https://selenium-release.storage.googleapis.com/</b></a><br />
    <div class="stackTrace" id="exception-10">
              io.github.bonigarcia.wdm.WebDriverManager.handleException(WebDriverManager.java:689)<br />
              io.github.bonigarcia.wdm.WebDriverManager.manage(WebDriverManager.java:521)<br />
              io.github.bonigarcia.wdm.WebDriverManager.handleException(WebDriverManager.java:686)<br />
              io.github.bonigarcia.wdm.WebDriverManager.manage(WebDriverManager.java:521)<br />
              io.github.bonigarcia.wdm.WebDriverManager.setup(WebDriverManager.java:251)<br />
              com.liveguru.commons.AbstractTest.openBrowser(AbstractTest.java:45)<br />
              com.liveguru.backend.Sorting.beforeClass(Sorting.java:31)<br />
              sun.reflect.NativeMethodAccessorImpl.invoke0(Native Method)<br />
              sun.reflect.NativeMethodAccessorImpl.invoke(Unknown Source)<br />
              sun.reflect.DelegatingMethodAccessorImpl.invoke(Unknown Source)<br />
              java.lang.reflect.Method.invoke(Unknown Source)<br />
              org.testng.internal.MethodInvocationHelper.invokeMethod(MethodInvocationHelper.java:85)<br />
              org.testng.internal.Invoker.invokeConfigurationMethod(Invoker.java:510)<br />
              org.testng.internal.Invoker.invokeConfigurations(Invoker.java:211)<br />
              org.testng.internal.Invoker.invokeConfigurations(Invoker.java:138)<br />
              org.testng.internal.TestMethodWorker.invokeBeforeClassMethods(TestMethodWorker.java:170)<br />
              org.testng.internal.TestMethodWorker.run(TestMethodWorker.java:104)<br />
              org.testng.TestRunner.privateRun(TestRunner.java:774)<br />
              org.testng.TestRunner.run(TestRunner.java:624)<br />
              org.testng.SuiteRunner.runTest(SuiteRunner.java:359)<br />
              org.testng.SuiteRunner.runSequentially(SuiteRunner.java:354)<br />
              org.testng.SuiteRunner.privateRun(SuiteRunner.java:312)<br />
              org.testng.SuiteRunner.run(SuiteRunner.java:261)<br />
              org.testng.SuiteRunnerWorker.runSuite(SuiteRunnerWorker.java:52)<br />
              org.testng.SuiteRunnerWorker.run(SuiteRunnerWorker.java:86)<br />
              org.testng.TestNG.runSuitesSequentially(TestNG.java:1215)<br />
              org.testng.TestNG.runSuitesLocally(TestNG.java:1140)<br />
              org.testng.TestNG.run(TestNG.java:1048)<br />
              org.testng.remote.RemoteTestNG.run(RemoteTestNG.java:112)<br />
              org.testng.remote.RemoteTestNG.initAndRun(RemoteTestNG.java:205)<br />
              org.testng.remote.RemoteTestNG.main(RemoteTestNG.java:176)<br />
                    <b>Caused by: </b> <a href="javascript:toggleElement('exception-11', 'block')" title="Click to expand/collapse">io.github.bonigarcia.wdm.WebDriverManagerException: IEDriverServer 3.9.1 for WIN32 not found in https://selenium-release.storage.googleapis.com/</a><br />
        <div class="stackTrace" id="exception-11">
                      io.github.bonigarcia.wdm.WebDriverManager.manage(WebDriverManager.java:514)<br />
                      io.github.bonigarcia.wdm.WebDriverManager.handleException(WebDriverManager.java:686)<br />
                      io.github.bonigarcia.wdm.WebDriverManager.manage(WebDriverManager.java:521)<br />
                      io.github.bonigarcia.wdm.WebDriverManager.setup(WebDriverManager.java:251)<br />
                      com.liveguru.commons.AbstractTest.openBrowser(AbstractTest.java:45)<br />
                      com.liveguru.backend.Sorting.beforeClass(Sorting.java:31)<br />
                      sun.reflect.NativeMethodAccessorImpl.invoke0(Native Method)<br />
                      sun.reflect.NativeMethodAccessorImpl.invoke(Unknown Source)<br />
                      sun.reflect.DelegatingMethodAccessorImpl.invoke(Unknown Source)<br />
                      java.lang.reflect.Method.invoke(Unknown Source)<br />
                      org.testng.internal.MethodInvocationHelper.invokeMethod(MethodInvocationHelper.java:85)<br />
                      org.testng.internal.Invoker.invokeConfigurationMethod(Invoker.java:510)<br />
                      org.testng.internal.Invoker.invokeConfigurations(Invoker.java:211)<br />
                      org.testng.internal.Invoker.invokeConfigurations(Invoker.java:138)<br />
                      org.testng.internal.TestMethodWorker.invokeBeforeClassMethods(TestMethodWorker.java:170)<br />
                      org.testng.internal.TestMethodWorker.run(TestMethodWorker.java:104)<br />
                      org.testng.TestRunner.privateRun(TestRunner.java:774)<br />
                      org.testng.TestRunner.run(TestRunner.java:624)<br />
                      org.testng.SuiteRunner.runTest(SuiteRunner.java:359)<br />
                      org.testng.SuiteRunner.runSequentially(SuiteRunner.java:354)<br />
                      org.testng.SuiteRunner.privateRun(SuiteRunner.java:312)<br />
                      org.testng.SuiteRunner.run(SuiteRunner.java:261)<br />
                      org.testng.SuiteRunnerWorker.runSuite(SuiteRunnerWorker.java:52)<br />
                      org.testng.SuiteRunnerWorker.run(SuiteRunnerWorker.java:86)<br />
                      org.testng.TestNG.runSuitesSequentially(TestNG.java:1215)<br />
                      org.testng.TestNG.runSuitesLocally(TestNG.java:1140)<br />
                      org.testng.TestNG.run(TestNG.java:1048)<br />
                      org.testng.remote.RemoteTestNG.run(RemoteTestNG.java:112)<br />
                      org.testng.remote.RemoteTestNG.initAndRun(RemoteTestNG.java:205)<br />
                      org.testng.remote.RemoteTestNG.main(RemoteTestNG.java:176)<br />
                  </div>
          </div>
      </td>
</tr>
    
          <tr><td colspan="3">&nbsp;</td></tr>
      <tr><td colspan="3" class="header skippedConfig">Skipped Configuration</td></tr>
                    <tr>
          <td colspan="3" class="group">com.liveguru.backend.Checkboxes</td>
        </tr>
                
<tr>
  <td class="method">
                  afterClass
      </td>
  <td class="duration">
    0.000s
  </td>
  <td class="result">
                               
    
        

      </td>
</tr>
              <tr>
          <td colspan="3" class="group">com.liveguru.backend.Invoices</td>
        </tr>
                
<tr>
  <td class="method">
                  afterClass
      </td>
  <td class="duration">
    0.000s
  </td>
  <td class="result">
                               
    
        

      </td>
</tr>
              <tr>
          <td colspan="3" class="group">com.liveguru.backend.Pagination</td>
        </tr>
                
<tr>
  <td class="method">
                  afterClass
      </td>
  <td class="duration">
    0.000s
  </td>
  <td class="result">
                               
    
        

      </td>
</tr>
              <tr>
          <td colspan="3" class="group">com.liveguru.backend.Search</td>
        </tr>
                
<tr>
  <td class="method">
                  afterClass
      </td>
  <td class="duration">
    0.000s
  </td>
  <td class="result">
                               
    
        

      </td>
</tr>
              <tr>
          <td colspan="3" class="group">com.liveguru.backend.Sorting</td>
        </tr>
                
<tr>
  <td class="method">
                  afterClass
      </td>
  <td class="duration">
    0.000s
  </td>
  <td class="result">
                               
    
        

      </td>
</tr>
            </table>



  <table class="resultsTable" width="100%">
    <tr><th colspan="3" class="header skipped">Skipped Tests</th></tr>
          <tr>
        <td colspan="3" class="group">com.liveguru.backend.Checkboxes</td>
      </tr>
            
<tr>
  <td class="method">
                  TC_06_CheckboxFunction
      </td>
  <td class="duration">
    0.003s
  </td>
  <td class="result">
                               
    
        

      </td>
</tr>
          <tr>
        <td colspan="3" class="group">com.liveguru.backend.Invoices</td>
      </tr>
            
<tr>
  <td class="method">
                  TC_01_InvoiceCanBePrinted
      </td>
  <td class="duration">
    0.004s
  </td>
  <td class="result">
                               
    
        

      </td>
</tr>
          <tr>
        <td colspan="3" class="group">com.liveguru.backend.Pagination</td>
      </tr>
            
<tr>
  <td class="method">
                  TC_04_CheckPagination
      </td>
  <td class="duration">
    0.003s
  </td>
  <td class="result">
                               
    
        

      </td>
</tr>
          <tr>
        <td colspan="3" class="group">com.liveguru.backend.ReviewMechanism</td>
      </tr>
            
<tr>
  <td class="method">
                  TC_02_ProductReviewMechanism
      </td>
  <td class="duration">
    0.003s
  </td>
  <td class="result">
                               
    
        

      </td>
</tr>
          <tr>
        <td colspan="3" class="group">com.liveguru.backend.Search</td>
      </tr>
            
<tr>
  <td class="method">
                  TC_05_SearchFunction
      </td>
  <td class="duration">
    0.000s
  </td>
  <td class="result">
                               
    
        

      </td>
</tr>
          <tr>
        <td colspan="3" class="group">com.liveguru.backend.Sorting</td>
      </tr>
            
<tr>
  <td class="method">
                  TC_03_VerifySortFunction
      </td>
  <td class="duration">
    0.004s
  </td>
  <td class="result">
                               
    
        

      </td>
</tr>
      </table>

  
</body>
</html>
