<?xml version="1.0" encoding="UTF-8"?>
<!-- Generated by org.testng.reporters.JUnitXMLReporter -->
<testsuite hostname="DESKTOP-4H2CDN2" name="Run test on Firefox browser" tests="10" failures="1" timestamp="26 Jun 2019 05:35:09 GMT" time="181.591" errors="0">
  <testcase name="TC_03_VerifyPriceMatch" time="31.881" classname="com.liveguru.frontend.ProductDetail"/>
  <testcase name="TC_01_registerToSystemSuccessfully" time="4.406" classname="com.liveguru.frontend.Global_RegisterToSystem"/>
  <testcase name="TC_02_VerifyUserInformation" time="1.268" classname="com.liveguru.frontend.Global_RegisterToSystem"/>
  <testcase name="TC_04_ApplyCoupon" time="19.078" classname="com.liveguru.frontend.Cart">
    <failure type="java.lang.AssertionError" message="Value is not matching! expected [475.00] but found [500.00]">
      <![CDATA[java.lang.AssertionError: Value is not matching! expected [475.00] but found [500.00]
	at com.liveguru.commons.AbstractTest.checkEquals(AbstractTest.java:114)
	at com.liveguru.commons.AbstractTest.verifyEquals(AbstractTest.java:124)
	at com.liveguru.frontend.Cart.TC_04_ApplyCoupon(Cart.java:44)
... Removed 27 stack frames]]>
    </failure>
  </testcase> <!-- TC_04_ApplyCoupon -->
  <testcase name="TC_05_AddToCartLimitation" time="3.2" classname="com.liveguru.frontend.Cart"/>
  <testcase name="TC_06_CompareProduct" time="3.929" classname="com.liveguru.frontend.CompareProduct"/>
  <testcase name="TC_08_AddReview" time="6.298" classname="com.liveguru.frontend.Review"/>
  <testcase name="TC_07_ShareWishList" time="4.474" classname="com.liveguru.frontend.WishList"/>
  <testcase name="TC_09_PurchaseProduct" time="31.311" classname="com.liveguru.frontend.PurchaseProduct"/>
  <testcase name="TC_10_SearchFunction" time="3.941" classname="com.liveguru.frontend.SearchFunction"/>
</testsuite> <!-- Run test on Firefox browser -->
