<?xml version="1.0" encoding="UTF-8"?>
<!-- Generated by org.testng.reporters.JUnitXMLReporter -->
<testsuite hostname="DESKTOP-4H2CDN2" name="Run test on headless browser" tests="10" failures="1" timestamp="26 Jun 2019 05:40:21 GMT" time="146.257" errors="0">
  <testcase name="TC_01_registerToSystemSuccessfully" time="3.242" classname="com.liveguru.frontend.Global_RegisterToSystem"/>
  <testcase name="TC_02_VerifyUserInformation" time="0.956" classname="com.liveguru.frontend.Global_RegisterToSystem"/>
  <testcase name="TC_03_VerifyPriceMatch" time="31.536" classname="com.liveguru.frontend.ProductDetail"/>
  <testcase name="TC_04_ApplyCoupon" time="17.952" classname="com.liveguru.frontend.Cart">
    <failure type="java.lang.AssertionError" message="Value is not matching! expected [475.00] but found [500.00]">
      <![CDATA[java.lang.AssertionError: Value is not matching! expected [475.00] but found [500.00]
	at com.liveguru.commons.AbstractTest.checkEquals(AbstractTest.java:114)
	at com.liveguru.commons.AbstractTest.verifyEquals(AbstractTest.java:124)
	at com.liveguru.frontend.Cart.TC_04_ApplyCoupon(Cart.java:44)
... Removed 27 stack frames]]>
    </failure>
  </testcase> <!-- TC_04_ApplyCoupon -->
  <testcase name="TC_05_AddToCartLimitation" time="2.753" classname="com.liveguru.frontend.Cart"/>
  <testcase name="TC_06_CompareProduct" time="3.214" classname="com.liveguru.frontend.CompareProduct"/>
  <testcase name="TC_08_AddReview" time="3.677" classname="com.liveguru.frontend.Review"/>
  <testcase name="TC_07_ShareWishList" time="3.271" classname="com.liveguru.frontend.WishList"/>
  <testcase name="TC_09_PurchaseProduct" time="30.79" classname="com.liveguru.frontend.PurchaseProduct"/>
  <testcase name="TC_10_SearchFunction" time="3.235" classname="com.liveguru.frontend.SearchFunction"/>
</testsuite> <!-- Run test on headless browser -->
