<?xml version="1.0" encoding="UTF-8"?>
<testsuite name="Run test on ie browser"
           tests="2"
           failures="1"
           errors="0"
           skipped="0"
           time="30.196">
  <properties />
            <testcase name="TC_04_ApplyCoupon" time="26.289" classname="com.liveguru.frontend.Cart">
                <failure type="java.lang.AssertionError"
                  message="Value is not matching! expected [475.00] but found [500.00]"
              >
<![CDATA[java.lang.AssertionError: Value is not matching! expected [475.00] but found [500.00]
  org.testng.Assert.fail(Assert.java:94)
  org.testng.Assert.failNotEquals(Assert.java:496)
  org.testng.Assert.assertEquals(Assert.java:125)
  com.liveguru.commons.AbstractTest.checkEquals(AbstractTest.java:126)
  com.liveguru.commons.AbstractTest.verifyEquals(AbstractTest.java:136)
  com.liveguru.frontend.Cart.TC_04_ApplyCoupon(Cart.java:45)
  sun.reflect.NativeMethodAccessorImpl.invoke0(Native Method)
  sun.reflect.NativeMethodAccessorImpl.invoke(Unknown Source)
  sun.reflect.DelegatingMethodAccessorImpl.invoke(Unknown Source)
  java.lang.reflect.Method.invoke(Unknown Source)
  org.testng.internal.MethodInvocationHelper.invokeMethod(MethodInvocationHelper.java:85)
  org.testng.internal.Invoker.invokeMethod(Invoker.java:639)
  org.testng.internal.Invoker.invokeTestMethod(Invoker.java:816)
  org.testng.internal.Invoker.invokeTestMethods(Invoker.java:1124)
  org.testng.internal.TestMethodWorker.invokeTestMethods(TestMethodWorker.java:125)
  org.testng.internal.TestMethodWorker.run(TestMethodWorker.java:108)
  org.testng.TestRunner.privateRun(TestRunner.java:774)
  org.testng.TestRunner.run(TestRunner.java:624)
  org.testng.SuiteRunner.runTest(SuiteRunner.java:359)
  org.testng.SuiteRunner.runSequentially(SuiteRunner.java:354)
  org.testng.SuiteRunner.privateRun(SuiteRunner.java:312)
  org.testng.SuiteRunner.run(SuiteRunner.java:261)
  org.testng.SuiteRunnerWorker.runSuite(SuiteRunnerWorker.java:52)
  org.testng.SuiteRunnerWorker.run(SuiteRunnerWorker.java:86)
  org.testng.TestNG.runSuitesSequentially(TestNG.java:1215)
  org.testng.TestNG.runSuitesLocally(TestNG.java:1140)
  org.testng.TestNG.run(TestNG.java:1048)
  org.testng.remote.RemoteTestNG.run(RemoteTestNG.java:112)
  org.testng.remote.RemoteTestNG.initAndRun(RemoteTestNG.java:205)
  org.testng.remote.RemoteTestNG.main(RemoteTestNG.java:176)
]]>
      </failure>

          </testcase>
  
  
            <testcase name="TC_05_AddToCartLimitation" time="3.907" classname="com.liveguru.frontend.Cart" />
      
</testsuite>
