<?xml version="1.0" encoding="UTF-8"?>
<testsuite name="Run test on ie browser"
           tests="3"
           failures="1"
           errors="0"
           skipped="2"
           time="0.003">
  <properties />
            <testcase name="beforeClass" time="0.000" classname="com.liveguru.backend.Checkboxes">
                <failure type="io.github.bonigarcia.wdm.WebDriverManagerException"
                  message="io.github.bonigarcia.wdm.WebDriverManagerException: IEDriverServer 3.9.1 for WIN32 not found in https://selenium-release.storage.googleapis.com/"
              >
<![CDATA[io.github.bonigarcia.wdm.WebDriverManagerException: io.github.bonigarcia.wdm.WebDriverManagerException: IEDriverServer 3.9.1 for WIN32 not found in https://selenium-release.storage.googleapis.com/
  io.github.bonigarcia.wdm.WebDriverManager.handleException(WebDriverManager.java:689)
  io.github.bonigarcia.wdm.WebDriverManager.manage(WebDriverManager.java:521)
  io.github.bonigarcia.wdm.WebDriverManager.handleException(WebDriverManager.java:686)
  io.github.bonigarcia.wdm.WebDriverManager.manage(WebDriverManager.java:521)
  io.github.bonigarcia.wdm.WebDriverManager.setup(WebDriverManager.java:251)
  com.liveguru.commons.AbstractTest.openBrowser(AbstractTest.java:45)
  com.liveguru.backend.Checkboxes.beforeClass(Checkboxes.java:27)
  sun.reflect.NativeMethodAccessorImpl.invoke0(Native Method)
  sun.reflect.NativeMethodAccessorImpl.invoke(Unknown Source)
  sun.reflect.DelegatingMethodAccessorImpl.invoke(Unknown Source)
  java.lang.reflect.Method.invoke(Unknown Source)
  org.testng.internal.MethodInvocationHelper.invokeMethod(MethodInvocationHelper.java:85)
  org.testng.internal.Invoker.invokeConfigurationMethod(Invoker.java:510)
  org.testng.internal.Invoker.invokeConfigurations(Invoker.java:211)
  org.testng.internal.Invoker.invokeConfigurations(Invoker.java:138)
  org.testng.internal.TestMethodWorker.invokeBeforeClassMethods(TestMethodWorker.java:170)
  org.testng.internal.TestMethodWorker.run(TestMethodWorker.java:104)
  org.testng.TestRunner.privateRun(TestRunner.java:774)
  org.testng.TestRunner.run(TestRunner.java:624)
  org.testng.SuiteRunner.runTest(SuiteRunner.java:359)
  org.testng.SuiteRunner.runSequentially(SuiteRunner.java:354)
  org.testng.SuiteRunner.privateRun(SuiteRunner.java:312)
  org.testng.SuiteRunner.run(SuiteRunner.java:261)
  org.testng.SuiteRunnerWorker.runSuite(SuiteRunnerWorker.java:52)
  org.testng.SuiteRunnerWorker.run(SuiteRunnerWorker.java:86)
  org.testng.TestNG.runSuitesSequentially(TestNG.java:1215)
  org.testng.TestNG.runSuitesLocally(TestNG.java:1140)
  org.testng.TestNG.run(TestNG.java:1048)
  org.testng.remote.RemoteTestNG.run(RemoteTestNG.java:112)
  org.testng.remote.RemoteTestNG.initAndRun(RemoteTestNG.java:205)
  org.testng.remote.RemoteTestNG.main(RemoteTestNG.java:176)
Caused by: io.github.bonigarcia.wdm.WebDriverManagerException: IEDriverServer 3.9.1 for WIN32 not found in https://selenium-release.storage.googleapis.com/
  io.github.bonigarcia.wdm.WebDriverManager.manage(WebDriverManager.java:514)
  io.github.bonigarcia.wdm.WebDriverManager.handleException(WebDriverManager.java:686)
  io.github.bonigarcia.wdm.WebDriverManager.manage(WebDriverManager.java:521)
  io.github.bonigarcia.wdm.WebDriverManager.setup(WebDriverManager.java:251)
  com.liveguru.commons.AbstractTest.openBrowser(AbstractTest.java:45)
  com.liveguru.backend.Checkboxes.beforeClass(Checkboxes.java:27)
  sun.reflect.NativeMethodAccessorImpl.invoke0(Native Method)
  sun.reflect.NativeMethodAccessorImpl.invoke(Unknown Source)
  sun.reflect.DelegatingMethodAccessorImpl.invoke(Unknown Source)
  java.lang.reflect.Method.invoke(Unknown Source)
  org.testng.internal.MethodInvocationHelper.invokeMethod(MethodInvocationHelper.java:85)
  org.testng.internal.Invoker.invokeConfigurationMethod(Invoker.java:510)
  org.testng.internal.Invoker.invokeConfigurations(Invoker.java:211)
  org.testng.internal.Invoker.invokeConfigurations(Invoker.java:138)
  org.testng.internal.TestMethodWorker.invokeBeforeClassMethods(TestMethodWorker.java:170)
  org.testng.internal.TestMethodWorker.run(TestMethodWorker.java:104)
  org.testng.TestRunner.privateRun(TestRunner.java:774)
  org.testng.TestRunner.run(TestRunner.java:624)
  org.testng.SuiteRunner.runTest(SuiteRunner.java:359)
  org.testng.SuiteRunner.runSequentially(SuiteRunner.java:354)
  org.testng.SuiteRunner.privateRun(SuiteRunner.java:312)
  org.testng.SuiteRunner.run(SuiteRunner.java:261)
  org.testng.SuiteRunnerWorker.runSuite(SuiteRunnerWorker.java:52)
  org.testng.SuiteRunnerWorker.run(SuiteRunnerWorker.java:86)
  org.testng.TestNG.runSuitesSequentially(TestNG.java:1215)
  org.testng.TestNG.runSuitesLocally(TestNG.java:1140)
  org.testng.TestNG.run(TestNG.java:1048)
  org.testng.remote.RemoteTestNG.run(RemoteTestNG.java:112)
  org.testng.remote.RemoteTestNG.initAndRun(RemoteTestNG.java:205)
  org.testng.remote.RemoteTestNG.main(RemoteTestNG.java:176)
]]>
      </failure>

          </testcase>
  
            <testcase name="afterClass" time="0.0" classname="com.liveguru.backend.Checkboxes">
          <skipped />
    </testcase>
            <testcase name="TC_06_CheckboxFunction" time="0.0" classname="com.liveguru.backend.Checkboxes">
          <skipped />
    </testcase>
  
  
</testsuite>
