<?xml version="1.0" encoding="UTF-8"?>
<testng-results skipped="6" failed="0" total="6" passed="0">
  <reporter-output>
    <line>
      <![CDATA[2019-07-13 21:02:29,678 INFO  com.liveguru.backend.ReviewMechanism - OS Name: windows 10
]]>
    </line>
    <line>
      <![CDATA[2019-07-13 21:02:29,681 INFO  com.liveguru.backend.ReviewMechanism - 
]]>
    </line>
  </reporter-output>
  <suite name="Register and Verify" duration-ms="6349" started-at="2019-07-14T01:02:26Z" finished-at="2019-07-14T01:02:32Z">
    <groups>
    </groups>
    <test name="Run test on ie browser" duration-ms="6349" started-at="2019-07-14T01:02:26Z" finished-at="2019-07-14T01:02:32Z">
      <class name="com.liveguru.backend.Invoices">
        <test-method status="FAIL" signature="beforeClass(java.lang.String)[pri:0, instance:com.liveguru.backend.Invoices@6366ebe0]" name="beforeClass" is-config="true" duration-ms="0" started-at="2019-07-13T21:02:26Z" finished-at="2019-07-13T21:02:26Z">
          <params>
            <param index="0">
              <value>
                <![CDATA[ie]]>
              </value>
            </param>
          </params>
          <exception class="io.github.bonigarcia.wdm.WebDriverManagerException">
            <message>
              <![CDATA[io.github.bonigarcia.wdm.WebDriverManagerException: IEDriverServer 3.9.1 for WIN32 not found in https://selenium-release.storage.googleapis.com/]]>
            </message>
            <full-stacktrace>
              <![CDATA[io.github.bonigarcia.wdm.WebDriverManagerException: io.github.bonigarcia.wdm.WebDriverManagerException: IEDriverServer 3.9.1 for WIN32 not found in https://selenium-release.storage.googleapis.com/
	at io.github.bonigarcia.wdm.WebDriverManager.handleException(WebDriverManager.java:689)
	at io.github.bonigarcia.wdm.WebDriverManager.manage(WebDriverManager.java:521)
	at io.github.bonigarcia.wdm.WebDriverManager.handleException(WebDriverManager.java:686)
	at io.github.bonigarcia.wdm.WebDriverManager.manage(WebDriverManager.java:521)
	at io.github.bonigarcia.wdm.WebDriverManager.setup(WebDriverManager.java:251)
	at com.liveguru.commons.AbstractTest.openBrowser(AbstractTest.java:45)
	at com.liveguru.backend.Invoices.beforeClass(Invoices.java:31)
	at sun.reflect.NativeMethodAccessorImpl.invoke0(Native Method)
	at sun.reflect.NativeMethodAccessorImpl.invoke(Unknown Source)
	at sun.reflect.DelegatingMethodAccessorImpl.invoke(Unknown Source)
	at java.lang.reflect.Method.invoke(Unknown Source)
	at org.testng.internal.MethodInvocationHelper.invokeMethod(MethodInvocationHelper.java:85)
	at org.testng.internal.Invoker.invokeConfigurationMethod(Invoker.java:510)
	at org.testng.internal.Invoker.invokeConfigurations(Invoker.java:211)
	at org.testng.internal.Invoker.invokeConfigurations(Invoker.java:138)
	at org.testng.internal.TestMethodWorker.invokeBeforeClassMethods(TestMethodWorker.java:170)
	at org.testng.internal.TestMethodWorker.run(TestMethodWorker.java:104)
	at org.testng.TestRunner.privateRun(TestRunner.java:774)
	at org.testng.TestRunner.run(TestRunner.java:624)
	at org.testng.SuiteRunner.runTest(SuiteRunner.java:359)
	at org.testng.SuiteRunner.runSequentially(SuiteRunner.java:354)
	at org.testng.SuiteRunner.privateRun(SuiteRunner.java:312)
	at org.testng.SuiteRunner.run(SuiteRunner.java:261)
	at org.testng.SuiteRunnerWorker.runSuite(SuiteRunnerWorker.java:52)
	at org.testng.SuiteRunnerWorker.run(SuiteRunnerWorker.java:86)
	at org.testng.TestNG.runSuitesSequentially(TestNG.java:1215)
	at org.testng.TestNG.runSuitesLocally(TestNG.java:1140)
	at org.testng.TestNG.run(TestNG.java:1048)
	at org.testng.remote.RemoteTestNG.run(RemoteTestNG.java:112)
	at org.testng.remote.RemoteTestNG.initAndRun(RemoteTestNG.java:205)
	at org.testng.remote.RemoteTestNG.main(RemoteTestNG.java:176)
Caused by: io.github.bonigarcia.wdm.WebDriverManagerException: IEDriverServer 3.9.1 for WIN32 not found in https://selenium-release.storage.googleapis.com/
	at io.github.bonigarcia.wdm.WebDriverManager.manage(WebDriverManager.java:514)
	... 29 more
]]>
            </full-stacktrace>
          </exception> <!-- io.github.bonigarcia.wdm.WebDriverManagerException -->
          <reporter-output>
          </reporter-output>
        </test-method> <!-- beforeClass -->
        <test-method status="SKIP" signature="TC_01_InvoiceCanBePrinted()[pri:0, instance:com.liveguru.backend.Invoices@6366ebe0]" name="TC_01_InvoiceCanBePrinted" duration-ms="4" started-at="2019-07-13T21:02:28Z" finished-at="2019-07-13T21:02:28Z">
          <reporter-output>
          </reporter-output>
        </test-method> <!-- TC_01_InvoiceCanBePrinted -->
        <test-method status="SKIP" signature="afterClass()[pri:0, instance:com.liveguru.backend.Invoices@6366ebe0]" name="afterClass" is-config="true" duration-ms="0" started-at="2019-07-13T21:02:28Z" finished-at="2019-07-13T21:02:28Z">
          <reporter-output>
          </reporter-output>
        </test-method> <!-- afterClass -->
      </class> <!-- com.liveguru.backend.Invoices -->
      <class name="com.liveguru.backend.Sorting">
        <test-method status="FAIL" signature="beforeClass(java.lang.String)[pri:0, instance:com.liveguru.backend.Sorting@2698dc7]" name="beforeClass" is-config="true" duration-ms="0" started-at="2019-07-13T21:02:29Z" finished-at="2019-07-13T21:02:29Z">
          <params>
            <param index="0">
              <value>
                <![CDATA[ie]]>
              </value>
            </param>
          </params>
          <exception class="io.github.bonigarcia.wdm.WebDriverManagerException">
            <message>
              <![CDATA[io.github.bonigarcia.wdm.WebDriverManagerException: IEDriverServer 3.9.1 for WIN32 not found in https://selenium-release.storage.googleapis.com/]]>
            </message>
            <full-stacktrace>
              <![CDATA[io.github.bonigarcia.wdm.WebDriverManagerException: io.github.bonigarcia.wdm.WebDriverManagerException: IEDriverServer 3.9.1 for WIN32 not found in https://selenium-release.storage.googleapis.com/
	at io.github.bonigarcia.wdm.WebDriverManager.handleException(WebDriverManager.java:689)
	at io.github.bonigarcia.wdm.WebDriverManager.manage(WebDriverManager.java:521)
	at io.github.bonigarcia.wdm.WebDriverManager.handleException(WebDriverManager.java:686)
	at io.github.bonigarcia.wdm.WebDriverManager.manage(WebDriverManager.java:521)
	at io.github.bonigarcia.wdm.WebDriverManager.setup(WebDriverManager.java:251)
	at com.liveguru.commons.AbstractTest.openBrowser(AbstractTest.java:45)
	at com.liveguru.backend.Sorting.beforeClass(Sorting.java:31)
	at sun.reflect.NativeMethodAccessorImpl.invoke0(Native Method)
	at sun.reflect.NativeMethodAccessorImpl.invoke(Unknown Source)
	at sun.reflect.DelegatingMethodAccessorImpl.invoke(Unknown Source)
	at java.lang.reflect.Method.invoke(Unknown Source)
	at org.testng.internal.MethodInvocationHelper.invokeMethod(MethodInvocationHelper.java:85)
	at org.testng.internal.Invoker.invokeConfigurationMethod(Invoker.java:510)
	at org.testng.internal.Invoker.invokeConfigurations(Invoker.java:211)
	at org.testng.internal.Invoker.invokeConfigurations(Invoker.java:138)
	at org.testng.internal.TestMethodWorker.invokeBeforeClassMethods(TestMethodWorker.java:170)
	at org.testng.internal.TestMethodWorker.run(TestMethodWorker.java:104)
	at org.testng.TestRunner.privateRun(TestRunner.java:774)
	at org.testng.TestRunner.run(TestRunner.java:624)
	at org.testng.SuiteRunner.runTest(SuiteRunner.java:359)
	at org.testng.SuiteRunner.runSequentially(SuiteRunner.java:354)
	at org.testng.SuiteRunner.privateRun(SuiteRunner.java:312)
	at org.testng.SuiteRunner.run(SuiteRunner.java:261)
	at org.testng.SuiteRunnerWorker.runSuite(SuiteRunnerWorker.java:52)
	at org.testng.SuiteRunnerWorker.run(SuiteRunnerWorker.java:86)
	at org.testng.TestNG.runSuitesSequentially(TestNG.java:1215)
	at org.testng.TestNG.runSuitesLocally(TestNG.java:1140)
	at org.testng.TestNG.run(TestNG.java:1048)
	at org.testng.remote.RemoteTestNG.run(RemoteTestNG.java:112)
	at org.testng.remote.RemoteTestNG.initAndRun(RemoteTestNG.java:205)
	at org.testng.remote.RemoteTestNG.main(RemoteTestNG.java:176)
Caused by: io.github.bonigarcia.wdm.WebDriverManagerException: IEDriverServer 3.9.1 for WIN32 not found in https://selenium-release.storage.googleapis.com/
	at io.github.bonigarcia.wdm.WebDriverManager.manage(WebDriverManager.java:514)
	... 29 more
]]>
            </full-stacktrace>
          </exception> <!-- io.github.bonigarcia.wdm.WebDriverManagerException -->
          <reporter-output>
          </reporter-output>
        </test-method> <!-- beforeClass -->
        <test-method status="SKIP" signature="TC_03_VerifySortFunction()[pri:0, instance:com.liveguru.backend.Sorting@2698dc7]" name="TC_03_VerifySortFunction" duration-ms="4" started-at="2019-07-13T21:02:30Z" finished-at="2019-07-13T21:02:30Z">
          <reporter-output>
          </reporter-output>
        </test-method> <!-- TC_03_VerifySortFunction -->
        <test-method status="SKIP" signature="afterClass()[pri:0, instance:com.liveguru.backend.Sorting@2698dc7]" name="afterClass" is-config="true" duration-ms="0" started-at="2019-07-13T21:02:30Z" finished-at="2019-07-13T21:02:30Z">
          <reporter-output>
          </reporter-output>
        </test-method> <!-- afterClass -->
      </class> <!-- com.liveguru.backend.Sorting -->
      <class name="com.liveguru.backend.Pagination">
        <test-method status="FAIL" signature="beforeClass(java.lang.String)[pri:0, instance:com.liveguru.backend.Pagination@43d7741f]" name="beforeClass" is-config="true" duration-ms="0" started-at="2019-07-13T21:02:30Z" finished-at="2019-07-13T21:02:30Z">
          <params>
            <param index="0">
              <value>
                <![CDATA[ie]]>
              </value>
            </param>
          </params>
          <exception class="io.github.bonigarcia.wdm.WebDriverManagerException">
            <message>
              <![CDATA[io.github.bonigarcia.wdm.WebDriverManagerException: IEDriverServer 3.9.1 for WIN32 not found in https://selenium-release.storage.googleapis.com/]]>
            </message>
            <full-stacktrace>
              <![CDATA[io.github.bonigarcia.wdm.WebDriverManagerException: io.github.bonigarcia.wdm.WebDriverManagerException: IEDriverServer 3.9.1 for WIN32 not found in https://selenium-release.storage.googleapis.com/
	at io.github.bonigarcia.wdm.WebDriverManager.handleException(WebDriverManager.java:689)
	at io.github.bonigarcia.wdm.WebDriverManager.manage(WebDriverManager.java:521)
	at io.github.bonigarcia.wdm.WebDriverManager.handleException(WebDriverManager.java:686)
	at io.github.bonigarcia.wdm.WebDriverManager.manage(WebDriverManager.java:521)
	at io.github.bonigarcia.wdm.WebDriverManager.setup(WebDriverManager.java:251)
	at com.liveguru.commons.AbstractTest.openBrowser(AbstractTest.java:45)
	at com.liveguru.backend.Pagination.beforeClass(Pagination.java:26)
	at sun.reflect.NativeMethodAccessorImpl.invoke0(Native Method)
	at sun.reflect.NativeMethodAccessorImpl.invoke(Unknown Source)
	at sun.reflect.DelegatingMethodAccessorImpl.invoke(Unknown Source)
	at java.lang.reflect.Method.invoke(Unknown Source)
	at org.testng.internal.MethodInvocationHelper.invokeMethod(MethodInvocationHelper.java:85)
	at org.testng.internal.Invoker.invokeConfigurationMethod(Invoker.java:510)
	at org.testng.internal.Invoker.invokeConfigurations(Invoker.java:211)
	at org.testng.internal.Invoker.invokeConfigurations(Invoker.java:138)
	at org.testng.internal.TestMethodWorker.invokeBeforeClassMethods(TestMethodWorker.java:170)
	at org.testng.internal.TestMethodWorker.run(TestMethodWorker.java:104)
	at org.testng.TestRunner.privateRun(TestRunner.java:774)
	at org.testng.TestRunner.run(TestRunner.java:624)
	at org.testng.SuiteRunner.runTest(SuiteRunner.java:359)
	at org.testng.SuiteRunner.runSequentially(SuiteRunner.java:354)
	at org.testng.SuiteRunner.privateRun(SuiteRunner.java:312)
	at org.testng.SuiteRunner.run(SuiteRunner.java:261)
	at org.testng.SuiteRunnerWorker.runSuite(SuiteRunnerWorker.java:52)
	at org.testng.SuiteRunnerWorker.run(SuiteRunnerWorker.java:86)
	at org.testng.TestNG.runSuitesSequentially(TestNG.java:1215)
	at org.testng.TestNG.runSuitesLocally(TestNG.java:1140)
	at org.testng.TestNG.run(TestNG.java:1048)
	at org.testng.remote.RemoteTestNG.run(RemoteTestNG.java:112)
	at org.testng.remote.RemoteTestNG.initAndRun(RemoteTestNG.java:205)
	at org.testng.remote.RemoteTestNG.main(RemoteTestNG.java:176)
Caused by: io.github.bonigarcia.wdm.WebDriverManagerException: IEDriverServer 3.9.1 for WIN32 not found in https://selenium-release.storage.googleapis.com/
	at io.github.bonigarcia.wdm.WebDriverManager.manage(WebDriverManager.java:514)
	... 29 more
]]>
            </full-stacktrace>
          </exception> <!-- io.github.bonigarcia.wdm.WebDriverManagerException -->
          <reporter-output>
          </reporter-output>
        </test-method> <!-- beforeClass -->
        <test-method status="SKIP" signature="TC_04_CheckPagination()[pri:0, instance:com.liveguru.backend.Pagination@43d7741f]" name="TC_04_CheckPagination" duration-ms="3" started-at="2019-07-13T21:02:31Z" finished-at="2019-07-13T21:02:31Z">
          <reporter-output>
          </reporter-output>
        </test-method> <!-- TC_04_CheckPagination -->
        <test-method status="SKIP" signature="afterClass()[pri:0, instance:com.liveguru.backend.Pagination@43d7741f]" name="afterClass" is-config="true" duration-ms="0" started-at="2019-07-13T21:02:31Z" finished-at="2019-07-13T21:02:31Z">
          <reporter-output>
          </reporter-output>
        </test-method> <!-- afterClass -->
      </class> <!-- com.liveguru.backend.Pagination -->
      <class name="com.liveguru.backend.Checkboxes">
        <test-method status="FAIL" signature="beforeClass(java.lang.String)[pri:0, instance:com.liveguru.backend.Checkboxes@69379752]" name="beforeClass" is-config="true" duration-ms="0" started-at="2019-07-13T21:02:31Z" finished-at="2019-07-13T21:02:31Z">
          <params>
            <param index="0">
              <value>
                <![CDATA[ie]]>
              </value>
            </param>
          </params>
          <exception class="io.github.bonigarcia.wdm.WebDriverManagerException">
            <message>
              <![CDATA[io.github.bonigarcia.wdm.WebDriverManagerException: IEDriverServer 3.9.1 for WIN32 not found in https://selenium-release.storage.googleapis.com/]]>
            </message>
            <full-stacktrace>
              <![CDATA[io.github.bonigarcia.wdm.WebDriverManagerException: io.github.bonigarcia.wdm.WebDriverManagerException: IEDriverServer 3.9.1 for WIN32 not found in https://selenium-release.storage.googleapis.com/
	at io.github.bonigarcia.wdm.WebDriverManager.handleException(WebDriverManager.java:689)
	at io.github.bonigarcia.wdm.WebDriverManager.manage(WebDriverManager.java:521)
	at io.github.bonigarcia.wdm.WebDriverManager.handleException(WebDriverManager.java:686)
	at io.github.bonigarcia.wdm.WebDriverManager.manage(WebDriverManager.java:521)
	at io.github.bonigarcia.wdm.WebDriverManager.setup(WebDriverManager.java:251)
	at com.liveguru.commons.AbstractTest.openBrowser(AbstractTest.java:45)
	at com.liveguru.backend.Checkboxes.beforeClass(Checkboxes.java:27)
	at sun.reflect.NativeMethodAccessorImpl.invoke0(Native Method)
	at sun.reflect.NativeMethodAccessorImpl.invoke(Unknown Source)
	at sun.reflect.DelegatingMethodAccessorImpl.invoke(Unknown Source)
	at java.lang.reflect.Method.invoke(Unknown Source)
	at org.testng.internal.MethodInvocationHelper.invokeMethod(MethodInvocationHelper.java:85)
	at org.testng.internal.Invoker.invokeConfigurationMethod(Invoker.java:510)
	at org.testng.internal.Invoker.invokeConfigurations(Invoker.java:211)
	at org.testng.internal.Invoker.invokeConfigurations(Invoker.java:138)
	at org.testng.internal.TestMethodWorker.invokeBeforeClassMethods(TestMethodWorker.java:170)
	at org.testng.internal.TestMethodWorker.run(TestMethodWorker.java:104)
	at org.testng.TestRunner.privateRun(TestRunner.java:774)
	at org.testng.TestRunner.run(TestRunner.java:624)
	at org.testng.SuiteRunner.runTest(SuiteRunner.java:359)
	at org.testng.SuiteRunner.runSequentially(SuiteRunner.java:354)
	at org.testng.SuiteRunner.privateRun(SuiteRunner.java:312)
	at org.testng.SuiteRunner.run(SuiteRunner.java:261)
	at org.testng.SuiteRunnerWorker.runSuite(SuiteRunnerWorker.java:52)
	at org.testng.SuiteRunnerWorker.run(SuiteRunnerWorker.java:86)
	at org.testng.TestNG.runSuitesSequentially(TestNG.java:1215)
	at org.testng.TestNG.runSuitesLocally(TestNG.java:1140)
	at org.testng.TestNG.run(TestNG.java:1048)
	at org.testng.remote.RemoteTestNG.run(RemoteTestNG.java:112)
	at org.testng.remote.RemoteTestNG.initAndRun(RemoteTestNG.java:205)
	at org.testng.remote.RemoteTestNG.main(RemoteTestNG.java:176)
Caused by: io.github.bonigarcia.wdm.WebDriverManagerException: IEDriverServer 3.9.1 for WIN32 not found in https://selenium-release.storage.googleapis.com/
	at io.github.bonigarcia.wdm.WebDriverManager.manage(WebDriverManager.java:514)
	... 29 more
]]>
            </full-stacktrace>
          </exception> <!-- io.github.bonigarcia.wdm.WebDriverManagerException -->
          <reporter-output>
          </reporter-output>
        </test-method> <!-- beforeClass -->
        <test-method status="SKIP" signature="TC_06_CheckboxFunction()[pri:0, instance:com.liveguru.backend.Checkboxes@69379752]" name="TC_06_CheckboxFunction" duration-ms="3" started-at="2019-07-13T21:02:32Z" finished-at="2019-07-13T21:02:32Z">
          <reporter-output>
          </reporter-output>
        </test-method> <!-- TC_06_CheckboxFunction -->
        <test-method status="SKIP" signature="afterClass()[pri:0, instance:com.liveguru.backend.Checkboxes@69379752]" name="afterClass" is-config="true" duration-ms="0" started-at="2019-07-13T21:02:32Z" finished-at="2019-07-13T21:02:32Z">
          <reporter-output>
          </reporter-output>
        </test-method> <!-- afterClass -->
      </class> <!-- com.liveguru.backend.Checkboxes -->
      <class name="com.liveguru.backend.Search">
        <test-method status="FAIL" signature="beforeClass(java.lang.String)[pri:0, instance:com.liveguru.backend.Search@17baae6e]" name="beforeClass" is-config="true" duration-ms="0" started-at="2019-07-13T21:02:31Z" finished-at="2019-07-13T21:02:31Z">
          <params>
            <param index="0">
              <value>
                <![CDATA[ie]]>
              </value>
            </param>
          </params>
          <exception class="io.github.bonigarcia.wdm.WebDriverManagerException">
            <message>
              <![CDATA[io.github.bonigarcia.wdm.WebDriverManagerException: IEDriverServer 3.9.1 for WIN32 not found in https://selenium-release.storage.googleapis.com/]]>
            </message>
            <full-stacktrace>
              <![CDATA[io.github.bonigarcia.wdm.WebDriverManagerException: io.github.bonigarcia.wdm.WebDriverManagerException: IEDriverServer 3.9.1 for WIN32 not found in https://selenium-release.storage.googleapis.com/
	at io.github.bonigarcia.wdm.WebDriverManager.handleException(WebDriverManager.java:689)
	at io.github.bonigarcia.wdm.WebDriverManager.manage(WebDriverManager.java:521)
	at io.github.bonigarcia.wdm.WebDriverManager.handleException(WebDriverManager.java:686)
	at io.github.bonigarcia.wdm.WebDriverManager.manage(WebDriverManager.java:521)
	at io.github.bonigarcia.wdm.WebDriverManager.setup(WebDriverManager.java:251)
	at com.liveguru.commons.AbstractTest.openBrowser(AbstractTest.java:45)
	at com.liveguru.backend.Search.beforeClass(Search.java:36)
	at sun.reflect.NativeMethodAccessorImpl.invoke0(Native Method)
	at sun.reflect.NativeMethodAccessorImpl.invoke(Unknown Source)
	at sun.reflect.DelegatingMethodAccessorImpl.invoke(Unknown Source)
	at java.lang.reflect.Method.invoke(Unknown Source)
	at org.testng.internal.MethodInvocationHelper.invokeMethod(MethodInvocationHelper.java:85)
	at org.testng.internal.Invoker.invokeConfigurationMethod(Invoker.java:510)
	at org.testng.internal.Invoker.invokeConfigurations(Invoker.java:211)
	at org.testng.internal.Invoker.invokeConfigurations(Invoker.java:138)
	at org.testng.internal.TestMethodWorker.invokeBeforeClassMethods(TestMethodWorker.java:170)
	at org.testng.internal.TestMethodWorker.run(TestMethodWorker.java:104)
	at org.testng.TestRunner.privateRun(TestRunner.java:774)
	at org.testng.TestRunner.run(TestRunner.java:624)
	at org.testng.SuiteRunner.runTest(SuiteRunner.java:359)
	at org.testng.SuiteRunner.runSequentially(SuiteRunner.java:354)
	at org.testng.SuiteRunner.privateRun(SuiteRunner.java:312)
	at org.testng.SuiteRunner.run(SuiteRunner.java:261)
	at org.testng.SuiteRunnerWorker.runSuite(SuiteRunnerWorker.java:52)
	at org.testng.SuiteRunnerWorker.run(SuiteRunnerWorker.java:86)
	at org.testng.TestNG.runSuitesSequentially(TestNG.java:1215)
	at org.testng.TestNG.runSuitesLocally(TestNG.java:1140)
	at org.testng.TestNG.run(TestNG.java:1048)
	at org.testng.remote.RemoteTestNG.run(RemoteTestNG.java:112)
	at org.testng.remote.RemoteTestNG.initAndRun(RemoteTestNG.java:205)
	at org.testng.remote.RemoteTestNG.main(RemoteTestNG.java:176)
Caused by: io.github.bonigarcia.wdm.WebDriverManagerException: IEDriverServer 3.9.1 for WIN32 not found in https://selenium-release.storage.googleapis.com/
	at io.github.bonigarcia.wdm.WebDriverManager.manage(WebDriverManager.java:514)
	... 29 more
]]>
            </full-stacktrace>
          </exception> <!-- io.github.bonigarcia.wdm.WebDriverManagerException -->
          <reporter-output>
          </reporter-output>
        </test-method> <!-- beforeClass -->
        <test-method status="SKIP" signature="TC_05_SearchFunction()[pri:0, instance:com.liveguru.backend.Search@17baae6e]" name="TC_05_SearchFunction" duration-ms="0" started-at="2019-07-13T21:02:31Z" finished-at="2019-07-13T21:02:31Z">
          <reporter-output>
          </reporter-output>
        </test-method> <!-- TC_05_SearchFunction -->
        <test-method status="SKIP" signature="afterClass()[pri:0, instance:com.liveguru.backend.Search@17baae6e]" name="afterClass" is-config="true" duration-ms="0" started-at="2019-07-13T21:02:31Z" finished-at="2019-07-13T21:02:31Z">
          <reporter-output>
          </reporter-output>
        </test-method> <!-- afterClass -->
      </class> <!-- com.liveguru.backend.Search -->
      <class name="com.liveguru.backend.ReviewMechanism">
        <test-method status="FAIL" signature="beforeClass(java.lang.String)[pri:0, instance:com.liveguru.backend.ReviewMechanism@44f75083]" name="beforeClass" is-config="true" duration-ms="0" started-at="2019-07-13T21:02:28Z" finished-at="2019-07-13T21:02:28Z">
          <params>
            <param index="0">
              <value>
                <![CDATA[ie]]>
              </value>
            </param>
          </params>
          <exception class="io.github.bonigarcia.wdm.WebDriverManagerException">
            <message>
              <![CDATA[io.github.bonigarcia.wdm.WebDriverManagerException: IEDriverServer 3.9.1 for WIN32 not found in https://selenium-release.storage.googleapis.com/]]>
            </message>
            <full-stacktrace>
              <![CDATA[io.github.bonigarcia.wdm.WebDriverManagerException: io.github.bonigarcia.wdm.WebDriverManagerException: IEDriverServer 3.9.1 for WIN32 not found in https://selenium-release.storage.googleapis.com/
	at io.github.bonigarcia.wdm.WebDriverManager.handleException(WebDriverManager.java:689)
	at io.github.bonigarcia.wdm.WebDriverManager.manage(WebDriverManager.java:521)
	at io.github.bonigarcia.wdm.WebDriverManager.handleException(WebDriverManager.java:686)
	at io.github.bonigarcia.wdm.WebDriverManager.manage(WebDriverManager.java:521)
	at io.github.bonigarcia.wdm.WebDriverManager.setup(WebDriverManager.java:251)
	at com.liveguru.commons.AbstractTest.openBrowser(AbstractTest.java:45)
	at com.liveguru.backend.ReviewMechanism.beforeClass(ReviewMechanism.java:40)
	at sun.reflect.NativeMethodAccessorImpl.invoke0(Native Method)
	at sun.reflect.NativeMethodAccessorImpl.invoke(Unknown Source)
	at sun.reflect.DelegatingMethodAccessorImpl.invoke(Unknown Source)
	at java.lang.reflect.Method.invoke(Unknown Source)
	at org.testng.internal.MethodInvocationHelper.invokeMethod(MethodInvocationHelper.java:85)
	at org.testng.internal.Invoker.invokeConfigurationMethod(Invoker.java:510)
	at org.testng.internal.Invoker.invokeConfigurations(Invoker.java:211)
	at org.testng.internal.Invoker.invokeConfigurations(Invoker.java:138)
	at org.testng.internal.TestMethodWorker.invokeBeforeClassMethods(TestMethodWorker.java:170)
	at org.testng.internal.TestMethodWorker.run(TestMethodWorker.java:104)
	at org.testng.TestRunner.privateRun(TestRunner.java:774)
	at org.testng.TestRunner.run(TestRunner.java:624)
	at org.testng.SuiteRunner.runTest(SuiteRunner.java:359)
	at org.testng.SuiteRunner.runSequentially(SuiteRunner.java:354)
	at org.testng.SuiteRunner.privateRun(SuiteRunner.java:312)
	at org.testng.SuiteRunner.run(SuiteRunner.java:261)
	at org.testng.SuiteRunnerWorker.runSuite(SuiteRunnerWorker.java:52)
	at org.testng.SuiteRunnerWorker.run(SuiteRunnerWorker.java:86)
	at org.testng.TestNG.runSuitesSequentially(TestNG.java:1215)
	at org.testng.TestNG.runSuitesLocally(TestNG.java:1140)
	at org.testng.TestNG.run(TestNG.java:1048)
	at org.testng.remote.RemoteTestNG.run(RemoteTestNG.java:112)
	at org.testng.remote.RemoteTestNG.initAndRun(RemoteTestNG.java:205)
	at org.testng.remote.RemoteTestNG.main(RemoteTestNG.java:176)
Caused by: io.github.bonigarcia.wdm.WebDriverManagerException: IEDriverServer 3.9.1 for WIN32 not found in https://selenium-release.storage.googleapis.com/
	at io.github.bonigarcia.wdm.WebDriverManager.manage(WebDriverManager.java:514)
	... 29 more
]]>
            </full-stacktrace>
          </exception> <!-- io.github.bonigarcia.wdm.WebDriverManagerException -->
          <reporter-output>
          </reporter-output>
        </test-method> <!-- beforeClass -->
        <test-method status="SKIP" signature="TC_02_ProductReviewMechanism()[pri:0, instance:com.liveguru.backend.ReviewMechanism@44f75083]" name="TC_02_ProductReviewMechanism" duration-ms="3" started-at="2019-07-13T21:02:29Z" finished-at="2019-07-13T21:02:29Z">
          <reporter-output>
          </reporter-output>
        </test-method> <!-- TC_02_ProductReviewMechanism -->
        <test-method status="PASS" signature="afterClass()[pri:0, instance:com.liveguru.backend.ReviewMechanism@44f75083]" name="afterClass" is-config="true" duration-ms="9" started-at="2019-07-13T21:02:29Z" finished-at="2019-07-13T21:02:29Z">
          <reporter-output>
            <line>
              <![CDATA[2019-07-13 21:02:29,678 INFO  com.liveguru.backend.ReviewMechanism - OS Name: windows 10
]]>
            </line>
            <line>
              <![CDATA[2019-07-13 21:02:29,681 INFO  com.liveguru.backend.ReviewMechanism - 
]]>
            </line>
          </reporter-output>
        </test-method> <!-- afterClass -->
      </class> <!-- com.liveguru.backend.ReviewMechanism -->
    </test> <!-- Run test on ie browser -->
  </suite> <!-- Register and Verify -->
</testng-results>
